<?xml version="1.0" encoding="UTF-8"?>
<testng-results skipped="0" failed="0" ignored="0" total="1" passed="1">
  <reporter-output>
  </reporter-output>
  <suite name="Default suite" duration-ms="17027" started-at="2021-11-25T15:01:23Z" finished-at="2021-11-25T15:01:40Z">
    <groups>
    </groups>
    <test name="Default test" duration-ms="17027" started-at="2021-11-25T15:01:23Z" finished-at="2021-11-25T15:01:40Z">
      <class name="cicd.base.BrowserBase">
        <test-method status="PASS" signature="TestCaseExecutor()[pri:0, instance:cicd.base.BrowserBase@cb644e]" name="TestCaseExecutor" duration-ms="16950" started-at="2021-11-25T15:01:23Z" finished-at="2021-11-25T15:01:40Z">
          <reporter-output>
          </reporter-output>
        </test-method> <!-- TestCaseExecutor -->
        <test-method status="PASS" signature="tearDown()[pri:0, instance:cicd.base.BrowserBase@cb644e]" name="tearDown" is-config="true" duration-ms="1383" started-at="2021-11-25T15:01:40Z" finished-at="2021-11-25T15:01:41Z">
          <reporter-output>
          </reporter-output>
        </test-method> <!-- tearDown -->
      </class> <!-- cicd.base.BrowserBase -->
    </test> <!-- Default test -->
  </suite> <!-- Default suite -->
</testng-results>
